Mechanisms found: True
Importing, setting up MPI variables and loading necessary files took 0.062minutes
Running full simulation...
HL23SST_tonic reduced by: 4.181398923904689%
HL23PV_tonic reduced by: 11.202872531418315%
HL23VIP_tonic reduced by: 16.808769792935443%
HL23SST_tonic reduced by: 3.72021521906226%
HL23PV_tonic reduced by: 13.152603231597844%
HL23VIP_tonic reduced by: 4.7831912302070645%
Initiating HL23PYR population...
Initiating HL23SST population...
Initiating HL23PV population...
Initiating HL23VIP population...
Instantiating all populations took 2.962minutes
Connecting populations took 3.538minutes
Simulating, recording SPIKES ... 
Simulation took 111.7minutes
Saving simulation output ...
Saving simulation took111.7minutes
Simulation complete
Script completed in 111.7minutes
